<?xml version="1.0" encoding="UTF-8"?>
<testng-results ignored="0" total="1" passed="1" failed="0" skipped="0">
  <reporter-output>
  </reporter-output>
  <suite started-at="2024-12-06T11:45:52 IST" name="Default suite" finished-at="2024-12-06T11:45:58 IST" duration-ms="6090">
    <groups>
    </groups>
    <test started-at="2024-12-06T11:45:52 IST" name="Default test" finished-at="2024-12-06T11:45:58 IST" duration-ms="6090">
      <class name="testng.Assertt">
        <test-method signature="Login()[pri:0, instance:testng.Assertt@20ccf40b]" started-at="2024-12-06T11:45:52 IST" name="Login" finished-at="2024-12-06T11:45:58 IST" duration-ms="6041" status="PASS">
          <reporter-output>
          </reporter-output>
        </test-method> <!-- Login -->
      </class> <!-- testng.Assertt -->
    </test> <!-- Default test -->
  </suite> <!-- Default suite -->
</testng-results>
